#
# There is insufficient memory for the Java Runtime Environment to continue.
# Native memory allocation (mmap) failed to map 199229440 bytes for G1 virtual space
# Possible reasons:
#   The system is out of physical RAM or swap space
#   The process is running with CompressedOops enabled, and the Java Heap may be blocking the growth of the native heap
# Possible solutions:
#   Reduce memory load on the system
#   Increase physical memory or swap space
#   Check if swap backing store is full
#   Decrease Java heap size (-Xmx/-Xms)
#   Decrease number of Java threads
#   Decrease Java thread stack sizes (-Xss)
#   Set larger code cache with -XX:ReservedCodeCacheSize=
#   JVM is running with Zero Based Compressed Oops mode in which the Java heap is
#     placed in the first 32GB address space. The Java Heap base address is the
#     maximum limit for the native heap growth. Please use -XX:HeapBaseMinAddress
#     to set the Java Heap base and to place the Java Heap above 32GB virtual address.
# This output file may be truncated or incomplete.
#
#  Out of Memory Error (os_windows.cpp:3600), pid=15076, tid=11864
#
# JRE version:  (21.0.2+13) (build )
# Java VM: Java HotSpot(TM) 64-Bit Server VM (21.0.2+13-LTS-58, mixed mode, sharing, tiered, compressed oops, compressed class ptrs, g1 gc, windows-amd64)
# No core dump will be written. Minidumps are not enabled by default on client versions of Windows
#

---------------  S U M M A R Y ------------

Command Line: -Dclassworlds.conf=C:\Program Files\apache-maven-3.9.8\bin\m2.conf -Dmaven.home=C:\Program Files\apache-maven-3.9.8 -Dlibrary.jansi.path=C:\Program Files\apache-maven-3.9.8\lib\jansi-native -Dmaven.multiModuleProjectDirectory=C:\sigfred\MyJava\eclipse\my-spring-boot\SmartGate org.codehaus.plexus.classworlds.launcher.Launcher clean

Host: Intel(R) Core(TM) i3-6006U CPU @ 2.00GHz, 4 cores, 11G,  Windows 10 , 64 bit Build 19041 (10.0.19041.4597)
Time: Sat Aug 17 01:15:38 2024 Malay Peninsula Standard Time elapsed time: 0.275836 seconds (0d 0h 0m 0s)

---------------  T H R E A D  ---------------

Current thread (0x00000263851e9690):  JavaThread "Unknown thread" [_thread_in_vm, id=11864, stack(0x000000c978100000,0x000000c978200000) (1024K)]

Stack: [0x000000c978100000,0x000000c978200000]
Native frames: (J=compiled Java code, j=interpreted, Vv=VM code, C=native code)
V  [jvm.dll+0x6cade9]
V  [jvm.dll+0x8569c1]
V  [jvm.dll+0x858d2e]
V  [jvm.dll+0x859413]
V  [jvm.dll+0x280e56]
V  [jvm.dll+0x6c74d5]
V  [jvm.dll+0x6bbeca]
V  [jvm.dll+0x355bca]
V  [jvm.dll+0x35d816]
V  [jvm.dll+0x3ae67e]
V  [jvm.dll+0x3ae928]
V  [jvm.dll+0x3295dc]
V  [jvm.dll+0x32a16b]
V  [jvm.dll+0x81efa9]
V  [jvm.dll+0x3bba01]
V  [jvm.dll+0x807928]
V  [jvm.dll+0x44f50e]
V  [jvm.dll+0x450e11]
C  [jli.dll+0x52a3]
C  [ucrtbase.dll+0x21bb2]
C  [KERNEL32.DLL+0x17374]
C  [ntdll.dll+0x4cc91]


---------------  P R O C E S S  ---------------

Threads class SMR info:
_java_thread_list=0x00007ffda74fbb88, length=0, elements={
}

Java Threads: ( => current thread )
Total: 0

Other Threads:
  0x000002638533adf0 WorkerThread "GC Thread#0"                     [id=7292, stack(0x000000c978200000,0x000000c978300000) (1024K)]
  0x0000026385348d30 ConcurrentGCThread "G1 Main Marker"            [id=6844, stack(0x000000c978300000,0x000000c978400000) (1024K)]
  0x0000026385349830 WorkerThread "G1 Conc#0"                       [id=10356, stack(0x000000c978400000,0x000000c978500000) (1024K)]

[error occurred during error reporting (printing all threads), id 0xc0000005, EXCEPTION_ACCESS_VIOLATION (0xc0000005) at pc=0x00007ffda6c6c6a7]
VM state: not at safepoint (not fully initialized)

VM Mutex/Monitor currently owned by a thread:  ([mutex/lock_event])
[0x00007ffda756ce68] Heap_lock - owner thread: 0x00000263851e9690

Heap address: 0x0000000742000000, size: 3040 MB, Compressed Oops mode: Zero based, Oop shift amount: 3

CDS archive(s) mapped at: [0x0000000000000000-0x0000000000000000-0x0000000000000000), size 0, SharedBaseAddress: 0x0000000800000000, ArchiveRelocationMode: 1.
Narrow klass base: 0x0000000000000000, Narrow klass shift: 0, Narrow klass range: 0x0

GC Precious Log:
 CardTable entry size: 512
 Card Set container configuration: InlinePtr #cards 4 size 8 Array Of Cards #cards 16 size 48 Howl #buckets 8 coarsen threshold 3686 Howl Bitmap #cards 512 size 80 coarsen threshold 460 Card regions per heap region 1 cards per card region 4096

Heap:
 garbage-first heap   total 0K, used 0K [0x0000000742000000, 0x0000000800000000)
  region size 2048K, 0 young (0K), 0 survivors (0K)

[error occurred during error reporting (printing heap information), id 0xc0000005, EXCEPTION_ACCESS_VIOLATION (0xc0000005) at pc=0x00007ffda70539f9]
GC Heap History (0 events):
No events

Dll operation events (1 events):
Event: 0.191 Loaded shared library C:\Program Files\Java\jdk-21\bin\java.dll

Deoptimization events (0 events):
No events

Classes loaded (0 events):
No events

Classes unloaded (0 events):
No events

Classes redefined (0 events):
No events

Internal exceptions (0 events):
No events

ZGC Phase Switch (0 events):
No events

VM Operations (0 events):
No events

Events (0 events):
No events


Dynamic libraries:
0x00007ff640850000 - 0x00007ff640860000 	C:\Program Files\Java\jdk-21\bin\java.exe
0x00007ffdd8910000 - 0x00007ffdd8b08000 	C:\Windows\SYSTEM32\ntdll.dll
0x00007ffdd7f70000 - 0x00007ffdd8031000 	C:\Windows\System32\KERNEL32.DLL
0x00007ffdd63f0000 - 0x00007ffdd66e6000 	C:\Windows\System32\KERNELBASE.dll
0x00007ffdd5ff0000 - 0x00007ffdd60f0000 	C:\Windows\System32\ucrtbase.dll
0x00007ffdbcda0000 - 0x00007ffdbcdb9000 	C:\Program Files\Java\jdk-21\bin\jli.dll
0x00007ffdd6940000 - 0x00007ffdd69f0000 	C:\Windows\System32\ADVAPI32.dll
0x00007ffdd81a0000 - 0x00007ffdd823e000 	C:\Windows\System32\msvcrt.dll
0x00007ffdd7ed0000 - 0x00007ffdd7f70000 	C:\Windows\System32\sechost.dll
0x00007ffdd6e90000 - 0x00007ffdd6fb3000 	C:\Windows\System32\RPCRT4.dll
0x00007ffdd5fc0000 - 0x00007ffdd5fe7000 	C:\Windows\System32\bcrypt.dll
0x00007ffdd7cd0000 - 0x00007ffdd7e6f000 	C:\Windows\System32\USER32.dll
0x00007ffdd6230000 - 0x00007ffdd6252000 	C:\Windows\System32\win32u.dll
0x00007ffdd6e60000 - 0x00007ffdd6e8b000 	C:\Windows\System32\GDI32.dll
0x00007ffdd6260000 - 0x00007ffdd6377000 	C:\Windows\System32\gdi32full.dll
0x00007ffdd66f0000 - 0x00007ffdd678d000 	C:\Windows\System32\msvcp_win.dll
0x00007ffdc1b20000 - 0x00007ffdc1dba000 	C:\Windows\WinSxS\amd64_microsoft.windows.common-controls_6595b64144ccf1df_6.0.19041.4355_none_60b8b9eb71f62e16\COMCTL32.dll
0x00007ffdc8bb0000 - 0x00007ffdc8bba000 	C:\Windows\SYSTEM32\VERSION.dll
0x00007ffdb9000000 - 0x00007ffdb901b000 	C:\Program Files\Java\jdk-21\bin\VCRUNTIME140.dll
0x00007ffdd7340000 - 0x00007ffdd736f000 	C:\Windows\System32\IMM32.DLL
0x00007ffdbf650000 - 0x00007ffdbf65c000 	C:\Program Files\Java\jdk-21\bin\vcruntime140_1.dll
0x00007ffdac540000 - 0x00007ffdac5ce000 	C:\Program Files\Java\jdk-21\bin\msvcp140.dll
0x00007ffda6930000 - 0x00007ffda7647000 	C:\Program Files\Java\jdk-21\bin\server\jvm.dll
0x00007ffdd8370000 - 0x00007ffdd83db000 	C:\Windows\System32\WS2_32.dll
0x00007ffdd5e10000 - 0x00007ffdd5e5b000 	C:\Windows\SYSTEM32\POWRPROF.dll
0x00007ffdc1af0000 - 0x00007ffdc1b17000 	C:\Windows\SYSTEM32\WINMM.dll
0x00007ffdd5df0000 - 0x00007ffdd5e02000 	C:\Windows\SYSTEM32\UMPDC.dll
0x00007ffdd3cd0000 - 0x00007ffdd3ce2000 	C:\Windows\SYSTEM32\kernel.appcore.dll
0x00007ffdbdc80000 - 0x00007ffdbdc8a000 	C:\Program Files\Java\jdk-21\bin\jimage.dll
0x00007ffdc65a0000 - 0x00007ffdc6784000 	C:\Windows\SYSTEM32\DBGHELP.DLL
0x00007ffdc5d10000 - 0x00007ffdc5d44000 	C:\Windows\SYSTEM32\dbgcore.DLL
0x00007ffdd61a0000 - 0x00007ffdd6222000 	C:\Windows\System32\bcryptPrimitives.dll
0x00007ffdad210000 - 0x00007ffdad22f000 	C:\Program Files\Java\jdk-21\bin\java.dll

dbghelp: loaded successfully - version: 4.0.5 - missing functions: none
symbol engine: initialized successfully - sym options: 0x614 - pdb path: .;C:\Program Files\Java\jdk-21\bin;C:\Windows\SYSTEM32;C:\Windows\WinSxS\amd64_microsoft.windows.common-controls_6595b64144ccf1df_6.0.19041.4355_none_60b8b9eb71f62e16;C:\Program Files\Java\jdk-21\bin\server

VM Arguments:
jvm_args: -Dclassworlds.conf=C:\Program Files\apache-maven-3.9.8\bin\m2.conf -Dmaven.home=C:\Program Files\apache-maven-3.9.8 -Dlibrary.jansi.path=C:\Program Files\apache-maven-3.9.8\lib\jansi-native -Dmaven.multiModuleProjectDirectory=C:\sigfred\MyJava\eclipse\my-spring-boot\SmartGate 
java_command: org.codehaus.plexus.classworlds.launcher.Launcher clean
java_class_path (initial): C:\Program Files\apache-maven-3.9.8\boot\plexus-classworlds-2.8.0.jar
Launcher Type: SUN_STANDARD

[Global flags]
     intx CICompilerCount                          = 3                                         {product} {ergonomic}
     uint ConcGCThreads                            = 1                                         {product} {ergonomic}
     uint G1ConcRefinementThreads                  = 4                                         {product} {ergonomic}
   size_t G1HeapRegionSize                         = 2097152                                   {product} {ergonomic}
    uintx GCDrainStackTargetSize                   = 64                                        {product} {ergonomic}
   size_t InitialHeapSize                          = 199229440                                 {product} {ergonomic}
   size_t MarkStackSize                            = 4194304                                   {product} {ergonomic}
   size_t MaxHeapSize                              = 3187671040                                {product} {ergonomic}
   size_t MinHeapDeltaBytes                        = 2097152                                   {product} {ergonomic}
   size_t MinHeapSize                              = 8388608                                   {product} {ergonomic}
    uintx NonNMethodCodeHeapSize                   = 5832780                                {pd product} {ergonomic}
    uintx NonProfiledCodeHeapSize                  = 122912730                              {pd product} {ergonomic}
    uintx ProfiledCodeHeapSize                     = 122912730                              {pd product} {ergonomic}
    uintx ReservedCodeCacheSize                    = 251658240                              {pd product} {ergonomic}
     bool SegmentedCodeCache                       = true                                      {product} {ergonomic}
   size_t SoftMaxHeapSize                          = 3187671040                             {manageable} {ergonomic}
     bool UseCompressedOops                        = true                           {product lp64_product} {ergonomic}
     bool UseG1GC                                  = true                                      {product} {ergonomic}
     bool UseLargePagesIndividualAllocation        = false                                  {pd product} {ergonomic}

Logging:
Log output configuration:
 #0: stdout all=warning uptime,level,tags foldmultilines=false
 #1: stderr all=off uptime,level,tags foldmultilines=false

Environment Variables:
PATH=C:\Program Files\Common Files\Oracle\Java\javapath;C:\Program Files (x86)\Common Files\Oracle\Java\javapath;C:\Windows\system32;C:\Windows;C:\Windows\System32\Wbem;C:\Windows\System32\WindowsPowerShell\v1.0\;C:\Windows\System32\OpenSSH\;C:\Program Files\nodejs\;C:\xampp\php;C:\ProgramData\ComposerSetup\bin;C:\Program Files\dotnet\;C:\Program Files\Docker\Docker\resources\bin;C:\Program Files\Git\cmd;C:\Program Files\Git LFS;C:\Program Files\apache-maven-3.9.8\bin;C:\Program Files\MySQL\MySQL Shell 8.0\bin\;C:\Users\Jovertech\AppData\Local\Microsoft\WindowsApps;C:\Users\Jovertech\AppData\Local\Programs\Microsoft VS Code\bin;C:\Program Files\Java\jdk-21\bin;C:\Users\Jovertech\AppData\Roaming\npm;C:\Users\Jovertech\AppData\Roaming\Composer\vendor\bin;C:\Program Files\heroku\bin
USERNAME=Sigfred
OS=Windows_NT
PROCESSOR_IDENTIFIER=Intel64 Family 6 Model 78 Stepping 3, GenuineIntel
TMP=C:\Users\JOVERT~1\AppData\Local\Temp
TEMP=C:\Users\JOVERT~1\AppData\Local\Temp




Periodic native trim disabled

---------------  S Y S T E M  ---------------

OS:
 Windows 10 , 64 bit Build 19041 (10.0.19041.4597)
OS uptime: 13 days 12:04 hours
Hyper-V role detected

CPU: total 4 (initial active 4) (2 cores per cpu, 2 threads per core) family 6 model 78 stepping 3 microcode 0xe2, cx8, cmov, fxsr, ht, mmx, 3dnowpref, sse, sse2, sse3, ssse3, sse4.1, sse4.2, popcnt, lzcnt, tsc, tscinvbit, avx, avx2, aes, erms, clmul, bmi1, bmi2, adx, fma, vzeroupper, clflush, clflushopt, hv, rdtscp, f16c
Processor Information for all 4 processors :
  Max Mhz: 2000, Current Mhz: 2000, Mhz Limit: 2000

Memory: 4k page, system-wide physical 12154M (3317M free)
TotalPageFile size 14140M (AvailPageFile size 72M)
current process WorkingSet (physical memory assigned to process): 10M, peak: 10M
current process commit charge ("private bytes"): 51M, peak: 241M

vm_info: Java HotSpot(TM) 64-Bit Server VM (21.0.2+13-LTS-58) for windows-amd64 JRE (21.0.2+13-LTS-58), built on 2024-01-05T18:32:24Z by "mach5one" with MS VC++ 17.1 (VS2022)

END.
